This is pdfTeX, Version 3.141592653-2.6-1.40.25 (MiKTeX 23.4) (preloaded format=pdflatex 2023.4.19)  8 AUG 2023 17:56
entering extended mode
 restricted \write18 enabled.
 file:line:error style messages enabled.
 %&-line parsing enabled.
**"c:/Users/Temporality/Desktop/Linear Algebra Notes/LANotes.tex"
(c:/Users/Temporality/Desktop/Linear Algebra Notes/LANotes.tex
LaTeX2e <2022-11-01> patch level 1
L3 programming layer <2023-03-30> (C:\Users\Temporality\AppData\Local\Programs\MiKTeX\tex/latex/base\article.cls
Document Class: article 2022/07/02 v1.4n Standard LaTeX document class
(C:\Users\Temporality\AppData\Local\Programs\MiKTeX\tex/latex/base\size12.clo
File: size12.clo 2022/07/02 v1.4n Standard LaTeX file (size option)
)
\c@part=\count185
\c@section=\count186
\c@subsection=\count187
\c@subsubsection=\count188
\c@paragraph=\count189
\c@subparagraph=\count190
\c@figure=\count191
\c@table=\count192
\abovecaptionskip=\skip48
\belowcaptionskip=\skip49
\bibindent=\dimen140
) (C:\Users\Temporality\AppData\Local\Programs\MiKTeX\tex/latex/amsfonts\amssymb.sty
Package: amssymb 2013/01/14 v3.01 AMS font symbols
 (C:\Users\Temporality\AppData\Local\Programs\MiKTeX\tex/latex/amsfonts\amsfonts.sty
Package: amsfonts 2013/01/14 v3.01 Basic AMSFonts support
\@emptytoks=\toks16
\symAMSa=\mathgroup4
\symAMSb=\mathgroup5
LaTeX Font Info:    Redeclaring math symbol \hbar on input line 98.
LaTeX Font Info:    Overwriting math alphabet `\mathfrak' in version `bold'
(Font)                  U/euf/m/n --> U/euf/b/n on input line 106.
)) (C:\Users\Temporality\AppData\Local\Programs\MiKTeX\tex/latex/amsmath\amsmath.sty
Package: amsmath 2022/04/08 v2.17n AMS math features
\@mathmargin=\skip50

For additional information on amsmath, use the `?' option.
(C:\Users\Temporality\AppData\Local\Programs\MiKTeX\tex/latex/amsmath\amstext.sty
Package: amstext 2021/08/26 v2.01 AMS text
 (C:\Users\Temporality\AppData\Local\Programs\MiKTeX\tex/latex/amsmath\amsgen.sty
File: amsgen.sty 1999/11/30 v2.0 generic functions
\@emptytoks=\toks17
\ex@=\dimen141
)) (C:\Users\Temporality\AppData\Local\Programs\MiKTeX\tex/latex/amsmath\amsbsy.sty
Package: amsbsy 1999/11/29 v1.2d Bold Symbols
\pmbraise@=\dimen142
) (C:\Users\Temporality\AppData\Local\Programs\MiKTeX\tex/latex/amsmath\amsopn.sty
Package: amsopn 2022/04/08 v2.04 operator names
)
\inf@bad=\count193
LaTeX Info: Redefining \frac on input line 234.
\uproot@=\count194
\leftroot@=\count195
LaTeX Info: Redefining \overline on input line 399.
LaTeX Info: Redefining \colon on input line 410.
\classnum@=\count196
\DOTSCASE@=\count197
LaTeX Info: Redefining \ldots on input line 496.
LaTeX Info: Redefining \dots on input line 499.
LaTeX Info: Redefining \cdots on input line 620.
\Mathstrutbox@=\box51
\strutbox@=\box52
LaTeX Info: Redefining \big on input line 722.
LaTeX Info: Redefining \Big on input line 723.
LaTeX Info: Redefining \bigg on input line 724.
LaTeX Info: Redefining \Bigg on input line 725.
\big@size=\dimen143
LaTeX Font Info:    Redeclaring font encoding OML on input line 743.
LaTeX Font Info:    Redeclaring font encoding OMS on input line 744.
\macc@depth=\count198
LaTeX Info: Redefining \bmod on input line 905.
LaTeX Info: Redefining \pmod on input line 910.
LaTeX Info: Redefining \smash on input line 940.
LaTeX Info: Redefining \relbar on input line 970.
LaTeX Info: Redefining \Relbar on input line 971.
\c@MaxMatrixCols=\count199
\dotsspace@=\muskip16
\c@parentequation=\count266
\dspbrk@lvl=\count267
\tag@help=\toks18
\row@=\count268
\column@=\count269
\maxfields@=\count270
\andhelp@=\toks19
\eqnshift@=\dimen144
\alignsep@=\dimen145
\tagshift@=\dimen146
\tagwidth@=\dimen147
\totwidth@=\dimen148
\lineht@=\dimen149
\@envbody=\toks20
\multlinegap=\skip51
\multlinetaggap=\skip52
\mathdisplay@stack=\toks21
LaTeX Info: Redefining \[ on input line 2953.
LaTeX Info: Redefining \] on input line 2954.
) (C:\Users\Temporality\AppData\Local\Programs\MiKTeX\tex/generic/babel\babel.sty
Package: babel 2023/03/28 3.87 The Babel package
\babel@savecnt=\count271
\U@D=\dimen150
\l@unhyphenated=\language79
 (C:\Users\Temporality\AppData\Local\Programs\MiKTeX\tex/generic/babel\txtbabel.def)
\bbl@readstream=\read2
\bbl@dirlevel=\count272

*************************************
* Local config file bblopts.cfg used
*
(C:\Users\Temporality\AppData\Local\Programs\MiKTeX\tex/latex/arabi\bblopts.cfg
File: bblopts.cfg 2005/09/08 v0.1 add Arabic and Farsi to "declared" options of babel
) (C:\Users\Temporality\AppData\Local\Programs\MiKTeX\tex/latex/babel-english\english.ldf
Language: english 2017/06/06 v3.3r English support from the babel system
Package babel Info: Hyphen rules for 'canadian' set to \l@english
(babel)             (\language0). Reported on input line 102.
Package babel Info: Hyphen rules for 'australian' set to \l@ukenglish
(babel)             (\language73). Reported on input line 105.
Package babel Info: Hyphen rules for 'newzealand' set to \l@ukenglish
(babel)             (\language73). Reported on input line 108.
)) (C:\Users\Temporality\AppData\Local\Programs\MiKTeX\tex/generic/babel/locale/en\babel-english.tex
Package babel Info: Importing font and identification data for english
(babel)             from babel-en.ini. Reported on input line 11.
) (C:\Users\Temporality\AppData\Local\Programs\MiKTeX\tex/latex/csquotes\csquotes.sty
Package: csquotes 2022-09-14 v5.2n context-sensitive quotations (JAW)
 (C:\Users\Temporality\AppData\Local\Programs\MiKTeX\tex/latex/etoolbox\etoolbox.sty
Package: etoolbox 2020/10/05 v2.5k e-TeX tools for LaTeX (JAW)
\etb@tempcnta=\count273
) (C:\Users\Temporality\AppData\Local\Programs\MiKTeX\tex/latex/graphics\keyval.sty
Package: keyval 2022/05/29 v1.15 key=value parser (DPC)
\KV@toks@=\toks22
)
\csq@reset=\count274
\csq@gtype=\count275
\csq@glevel=\count276
\csq@qlevel=\count277
\csq@maxlvl=\count278
\csq@tshold=\count279
\csq@ltx@everypar=\toks23
 (C:\Users\Temporality\AppData\Local\Programs\MiKTeX\tex/latex/csquotes\csquotes.def
File: csquotes.def 2022-09-14 v5.2n csquotes generic definitions (JAW)
)
Package csquotes Info: Trying to load configuration file 'csquotes.cfg'...
Package csquotes Info: ... configuration file loaded successfully.
 (C:\Users\Temporality\AppData\Local\Programs\MiKTeX\tex/latex/csquotes\csquotes.cfg
File: csquotes.cfg 
)
Package csquotes Info: Enabling multilingual quotes.
Package csquotes Info: Redefining alias 'english' -> 'english/american'.
)
Package csquotes Info: Allocating character ".
Package csquotes Info: Checking for multilingual support...
Package csquotes Info: ... found 'babel' package.
 (C:\Users\Temporality\AppData\Local\Programs\MiKTeX\tex/latex/l3backend\l3backend-pdftex.def
File: l3backend-pdftex.def 2023-03-30 L3 backend support: PDF output (pdfTeX)
\l__color_backend_stack_int=\count280
\l__pdf_internal_box=\box53
) (LANotes.aux)
\openout1 = `LANotes.aux'.

LaTeX Font Info:    Checking defaults for OML/cmm/m/it on input line 26.
LaTeX Font Info:    ... okay on input line 26.
LaTeX Font Info:    Checking defaults for OMS/cmsy/m/n on input line 26.
LaTeX Font Info:    ... okay on input line 26.
LaTeX Font Info:    Checking defaults for OT1/cmr/m/n on input line 26.
LaTeX Font Info:    ... okay on input line 26.
LaTeX Font Info:    Checking defaults for T1/cmr/m/n on input line 26.
LaTeX Font Info:    ... okay on input line 26.
LaTeX Font Info:    Checking defaults for TS1/cmr/m/n on input line 26.
LaTeX Font Info:    ... okay on input line 26.
LaTeX Font Info:    Checking defaults for OMX/cmex/m/n on input line 26.
LaTeX Font Info:    ... okay on input line 26.
LaTeX Font Info:    Checking defaults for U/cmr/m/n on input line 26.
LaTeX Font Info:    ... okay on input line 26.
Package csquotes Info: Making character " active on input line 26.
LaTeX Font Info:    Trying to load font information for U+msa on input line 28.
 (C:\Users\Temporality\AppData\Local\Programs\MiKTeX\tex/latex/amsfonts\umsa.fd
File: umsa.fd 2013/01/14 v3.01 AMS symbols A
)
LaTeX Font Info:    Trying to load font information for U+msb on input line 28.
 (C:\Users\Temporality\AppData\Local\Programs\MiKTeX\tex/latex/amsfonts\umsb.fd
File: umsb.fd 2013/01/14 v3.01 AMS symbols B
)

LaTeX Warning: No \author given.


Underfull \hbox (badness 10000) in paragraph at lines 36--38

 []


Underfull \hbox (badness 10000) in paragraph at lines 36--38

 []


Underfull \hbox (badness 10000) in paragraph at lines 50--53

 []


Underfull \hbox (badness 10000) in paragraph at lines 50--53

 []


Underfull \hbox (badness 10000) in paragraph at lines 54--55

 []


Underfull \hbox (badness 10000) in paragraph at lines 54--55

 []


Underfull \hbox (badness 10000) in paragraph at lines 56--57

 []


Underfull \hbox (badness 10000) in paragraph at lines 56--57

 []

[1

{C:/Users/Temporality/AppData/Local/MiKTeX/fonts/map/pdftex/pdftex.map}]
Underfull \hbox (badness 10000) in paragraph at lines 58--59

 []


Underfull \hbox (badness 10000) in paragraph at lines 58--59

 []


Underfull \hbox (badness 10000) in paragraph at lines 60--61

 []


Underfull \hbox (badness 10000) in paragraph at lines 60--61

 []


Underfull \hbox (badness 10000) in paragraph at lines 62--63

 []


Underfull \hbox (badness 10000) in paragraph at lines 62--63

 []


Underfull \hbox (badness 10000) in paragraph at lines 64--65

 []


Underfull \hbox (badness 10000) in paragraph at lines 64--65

 []


Underfull \hbox (badness 10000) in paragraph at lines 74--76

 []


Underfull \hbox (badness 10000) in paragraph at lines 74--76

 []


Underfull \hbox (badness 10000) in paragraph at lines 79--80

 []


Underfull \hbox (badness 10000) in paragraph at lines 79--80

 []

[2]
Underfull \hbox (badness 10000) in paragraph at lines 104--105

 []


Underfull \hbox (badness 10000) in paragraph at lines 104--105

 []


Underfull \hbox (badness 10000) in paragraph at lines 106--107

 []


Underfull \hbox (badness 10000) in paragraph at lines 106--107

 []


Underfull \hbox (badness 10000) in paragraph at lines 108--109

 []


Underfull \hbox (badness 10000) in paragraph at lines 108--109

 []


Underfull \hbox (badness 10000) in paragraph at lines 110--112

 []


Underfull \hbox (badness 10000) in paragraph at lines 110--112

 []


Underfull \hbox (badness 10000) in paragraph at lines 113--114

 []


Underfull \hbox (badness 10000) in paragraph at lines 113--114

 []

[3]
Underfull \hbox (badness 10000) in paragraph at lines 126--127

 []


Underfull \hbox (badness 10000) in paragraph at lines 126--127

 []


Underfull \hbox (badness 10000) in paragraph at lines 128--129

 []


Underfull \hbox (badness 10000) in paragraph at lines 128--129

 []


Underfull \hbox (badness 10000) in paragraph at lines 130--131

 []


Underfull \hbox (badness 10000) in paragraph at lines 130--131

 []


Underfull \hbox (badness 10000) in paragraph at lines 134--135

 []


Underfull \hbox (badness 10000) in paragraph at lines 134--135

 []

[4]
Underfull \hbox (badness 10000) in paragraph at lines 147--148

 []


Underfull \hbox (badness 10000) in paragraph at lines 147--148

 []


Underfull \hbox (badness 10000) in paragraph at lines 149--151

 []


Underfull \hbox (badness 10000) in paragraph at lines 149--151

 []


Underfull \hbox (badness 10000) in paragraph at lines 152--153

 []


Underfull \hbox (badness 10000) in paragraph at lines 152--153

 []


Underfull \hbox (badness 10000) in paragraph at lines 154--155

 []


Underfull \hbox (badness 10000) in paragraph at lines 154--155

 []


Underfull \hbox (badness 10000) in paragraph at lines 160--161

 []


Underfull \hbox (badness 10000) in paragraph at lines 160--161

 []


Underfull \hbox (badness 10000) in paragraph at lines 162--166

 []


Underfull \hbox (badness 10000) in paragraph at lines 162--166

 []


Underfull \hbox (badness 10000) in paragraph at lines 167--168

 []


Underfull \hbox (badness 10000) in paragraph at lines 167--168

 []

[5]
Underfull \hbox (badness 10000) in paragraph at lines 169--170

 []


Underfull \hbox (badness 10000) in paragraph at lines 169--170

 []


Underfull \hbox (badness 10000) in paragraph at lines 173--174

 []


Underfull \hbox (badness 10000) in paragraph at lines 173--174

 []


Underfull \hbox (badness 10000) in paragraph at lines 175--176

 []


Underfull \hbox (badness 10000) in paragraph at lines 175--176

 []


Underfull \hbox (badness 10000) in paragraph at lines 177--178

 []


Underfull \hbox (badness 10000) in paragraph at lines 177--178

 []


Underfull \hbox (badness 10000) in paragraph at lines 179--180

 []


Underfull \hbox (badness 10000) in paragraph at lines 179--180

 []


Underfull \hbox (badness 10000) in paragraph at lines 181--182

 []


Underfull \hbox (badness 10000) in paragraph at lines 181--182

 []


Underfull \hbox (badness 10000) in paragraph at lines 183--184

 []


Underfull \hbox (badness 10000) in paragraph at lines 183--184

 []


Underfull \hbox (badness 10000) in paragraph at lines 185--186

 []


Underfull \hbox (badness 10000) in paragraph at lines 185--186

 []


Underfull \hbox (badness 10000) in paragraph at lines 187--188

 []


Underfull \hbox (badness 10000) in paragraph at lines 187--188

 []

[6]
Underfull \hbox (badness 10000) in paragraph at lines 189--190

 []


Underfull \hbox (badness 10000) in paragraph at lines 189--190

 []


Underfull \hbox (badness 10000) in paragraph at lines 208--210

 []


Underfull \hbox (badness 10000) in paragraph at lines 208--210

 []


Underfull \hbox (badness 10000) in paragraph at lines 219--220

 []


Underfull \hbox (badness 10000) in paragraph at lines 219--220

 []

[7]
Underfull \hbox (badness 10000) in paragraph at lines 221--222

 []


Underfull \hbox (badness 10000) in paragraph at lines 221--222

 []


Underfull \hbox (badness 10000) in paragraph at lines 223--225

 []


Underfull \hbox (badness 10000) in paragraph at lines 223--225

 []


Underfull \hbox (badness 10000) in paragraph at lines 226--227

 []


Underfull \hbox (badness 10000) in paragraph at lines 226--227

 []


Underfull \hbox (badness 10000) in paragraph at lines 228--230

 []


Underfull \hbox (badness 10000) in paragraph at lines 228--230

 []


Overfull \hbox (7.52957pt too wide) in paragraph at lines 231--233
[]\OT1/cmr/m/n/12 It is such that $\OT1/cmr/bx/n/12 b$ \OT1/cmr/m/n/12 can be gen-er-ated through a lin-ear com-bi-na-tion of $[]\OML/cmm/m/it/12 ; [] ; []$
 []


Underfull \hbox (badness 10000) in paragraph at lines 231--233

 []


Underfull \hbox (badness 10000) in paragraph at lines 231--233

 []


Underfull \hbox (badness 10000) in paragraph at lines 234--235

 []


Underfull \hbox (badness 10000) in paragraph at lines 234--235

 []


Underfull \hbox (badness 10000) in paragraph at lines 238--239

 []


Underfull \hbox (badness 10000) in paragraph at lines 238--239

 []

[8]
Underfull \hbox (badness 10000) in paragraph at lines 244--245

 []


Underfull \hbox (badness 10000) in paragraph at lines 244--245

 []


Underfull \hbox (badness 10000) in paragraph at lines 259--260

 []


Underfull \hbox (badness 10000) in paragraph at lines 259--260

 []


Underfull \hbox (badness 10000) in paragraph at lines 261--262

 []


Underfull \hbox (badness 10000) in paragraph at lines 261--262

 []


Underfull \hbox (badness 10000) in paragraph at lines 267--268

 []


Underfull \hbox (badness 10000) in paragraph at lines 267--268

 []

[9]
Underfull \hbox (badness 10000) in paragraph at lines 312--313

 []


Underfull \hbox (badness 10000) in paragraph at lines 312--313

 []


Underfull \hbox (badness 10000) in paragraph at lines 314--315

 []


Underfull \hbox (badness 10000) in paragraph at lines 314--315

 []

[10]
Underfull \hbox (badness 10000) in paragraph at lines 333--334

 []


Underfull \hbox (badness 10000) in paragraph at lines 333--334

 []


Underfull \hbox (badness 10000) in paragraph at lines 335--337

 []


Underfull \hbox (badness 10000) in paragraph at lines 335--337

 []


Underfull \hbox (badness 10000) in paragraph at lines 338--339

 []


Underfull \hbox (badness 10000) in paragraph at lines 338--339

 []

[11]
Underfull \hbox (badness 10000) in paragraph at lines 364--365

 []


Underfull \hbox (badness 10000) in paragraph at lines 364--365

 []


Underfull \hbox (badness 10000) in paragraph at lines 368--369

 []


Underfull \hbox (badness 10000) in paragraph at lines 368--369

 []


Underfull \hbox (badness 10000) in paragraph at lines 370--372

 []


Underfull \hbox (badness 10000) in paragraph at lines 370--372

 []


Underfull \hbox (badness 10000) in paragraph at lines 373--374

 []


Underfull \hbox (badness 10000) in paragraph at lines 373--374

 []


Underfull \hbox (badness 10000) in paragraph at lines 375--376

 []


Underfull \hbox (badness 10000) in paragraph at lines 375--376

 []


Underfull \hbox (badness 10000) in paragraph at lines 377--378

 []


Underfull \hbox (badness 10000) in paragraph at lines 377--378

 []

[12]
Underfull \hbox (badness 10000) in paragraph at lines 403--405

 []


Underfull \hbox (badness 10000) in paragraph at lines 403--405

 []

[13]
Underfull \hbox (badness 10000) in paragraph at lines 418--419

 []


Underfull \hbox (badness 10000) in paragraph at lines 418--419

 []


Underfull \hbox (badness 10000) in paragraph at lines 437--439

 []


Underfull \hbox (badness 10000) in paragraph at lines 437--439

 []


Underfull \hbox (badness 10000) in paragraph at lines 443--444

 []


Underfull \hbox (badness 10000) in paragraph at lines 443--444

 []

[14]
Underfull \hbox (badness 10000) in paragraph at lines 445--446

 []


Underfull \hbox (badness 10000) in paragraph at lines 445--446

 []


Underfull \hbox (badness 10000) in paragraph at lines 447--449

 []


Underfull \hbox (badness 10000) in paragraph at lines 447--449

 []


Underfull \hbox (badness 10000) in paragraph at lines 450--451

 []


Underfull \hbox (badness 10000) in paragraph at lines 450--451

 []


Underfull \hbox (badness 10000) in paragraph at lines 452--453

 []


Underfull \hbox (badness 10000) in paragraph at lines 452--453

 []


Underfull \hbox (badness 10000) in paragraph at lines 454--456

 []


Underfull \hbox (badness 10000) in paragraph at lines 454--456

 []


Underfull \hbox (badness 10000) in paragraph at lines 457--458

 []


Underfull \hbox (badness 10000) in paragraph at lines 457--458

 []


Underfull \hbox (badness 10000) in paragraph at lines 459--460

 []


Underfull \hbox (badness 10000) in paragraph at lines 459--460

 []

[15]
Underfull \hbox (badness 10000) in paragraph at lines 472--474

 []


Underfull \hbox (badness 10000) in paragraph at lines 472--474

 []


Underfull \hbox (badness 10000) in paragraph at lines 475--476

 []


Underfull \hbox (badness 10000) in paragraph at lines 475--476

 []


Underfull \hbox (badness 10000) in paragraph at lines 477--478

 []


Underfull \hbox (badness 10000) in paragraph at lines 477--478

 []


Underfull \hbox (badness 10000) in paragraph at lines 479--480

 []


Underfull \hbox (badness 10000) in paragraph at lines 479--480

 []


Underfull \hbox (badness 10000) in paragraph at lines 481--482

 []


Underfull \hbox (badness 10000) in paragraph at lines 481--482

 []


Underfull \hbox (badness 10000) in paragraph at lines 483--484

 []


Underfull \hbox (badness 10000) in paragraph at lines 483--484

 []


Underfull \hbox (badness 10000) in paragraph at lines 485--486

 []


Underfull \hbox (badness 10000) in paragraph at lines 485--486

 []

[16]
Underfull \hbox (badness 10000) in paragraph at lines 503--504

 []


Underfull \hbox (badness 10000) in paragraph at lines 503--504

 []


Underfull \hbox (badness 10000) in paragraph at lines 509--511

 []


Underfull \hbox (badness 10000) in paragraph at lines 509--511

 []


Underfull \hbox (badness 10000) in paragraph at lines 512--514

 []


Underfull \hbox (badness 10000) in paragraph at lines 512--514

 []

[17]
Underfull \hbox (badness 10000) in paragraph at lines 522--523

 []


Underfull \hbox (badness 10000) in paragraph at lines 522--523

 []


Underfull \hbox (badness 10000) in paragraph at lines 527--528

 []


Underfull \hbox (badness 10000) in paragraph at lines 527--528

 []


Underfull \hbox (badness 10000) in paragraph at lines 529--531

 []


Underfull \hbox (badness 10000) in paragraph at lines 529--531

 []


Underfull \hbox (badness 10000) in paragraph at lines 543--544

 []


Underfull \hbox (badness 10000) in paragraph at lines 543--544

 []


Underfull \hbox (badness 10000) in paragraph at lines 545--546

 []


Underfull \hbox (badness 10000) in paragraph at lines 545--546

 []

[18]
Underfull \hbox (badness 10000) in paragraph at lines 547--549

 []


Underfull \hbox (badness 10000) in paragraph at lines 547--549

 []


Underfull \hbox (badness 10000) in paragraph at lines 550--551

 []


Underfull \hbox (badness 10000) in paragraph at lines 550--551

 []


Underfull \hbox (badness 10000) in paragraph at lines 552--553

 []


Underfull \hbox (badness 10000) in paragraph at lines 552--553

 []


Underfull \hbox (badness 10000) in paragraph at lines 554--556

 []


Underfull \hbox (badness 10000) in paragraph at lines 554--556

 []


Underfull \hbox (badness 10000) in paragraph at lines 557--559

 []


Underfull \hbox (badness 10000) in paragraph at lines 557--559

 []


Underfull \hbox (badness 10000) in paragraph at lines 560--561

 []


Underfull \hbox (badness 10000) in paragraph at lines 560--561

 []

[19]
Underfull \hbox (badness 10000) in paragraph at lines 587--589

 []


Underfull \hbox (badness 10000) in paragraph at lines 587--589

 []


Underfull \hbox (badness 10000) in paragraph at lines 590--592

 []


Underfull \hbox (badness 10000) in paragraph at lines 590--592

 []

[20]
Underfull \hbox (badness 10000) in paragraph at lines 623--624

 []


Underfull \hbox (badness 10000) in paragraph at lines 623--624

 []


Underfull \hbox (badness 10000) in paragraph at lines 625--627

 []


Underfull \hbox (badness 10000) in paragraph at lines 625--627

 []


Underfull \hbox (badness 10000) in paragraph at lines 632--633

 []


Underfull \hbox (badness 10000) in paragraph at lines 632--633

 []

[21]
Underfull \hbox (badness 10000) in paragraph at lines 671--673

 []


Underfull \hbox (badness 10000) in paragraph at lines 671--673

 []


Underfull \hbox (badness 10000) in paragraph at lines 678--679

 []


Underfull \hbox (badness 10000) in paragraph at lines 678--679

 []

[22]
Underfull \hbox (badness 10000) in paragraph at lines 684--685

 []


Underfull \hbox (badness 10000) in paragraph at lines 684--685

 []


Underfull \hbox (badness 10000) in paragraph at lines 690--691

 []


Underfull \hbox (badness 10000) in paragraph at lines 690--691

 []


Underfull \hbox (badness 10000) in paragraph at lines 692--694

 []


Underfull \hbox (badness 10000) in paragraph at lines 692--694

 []


Underfull \hbox (badness 10000) in paragraph at lines 695--696

 []


Underfull \hbox (badness 10000) in paragraph at lines 695--696

 []


Underfull \hbox (badness 10000) in paragraph at lines 697--698

 []


Underfull \hbox (badness 10000) in paragraph at lines 697--698

 []


Underfull \hbox (badness 10000) in paragraph at lines 699--700

 []


Underfull \hbox (badness 10000) in paragraph at lines 699--700

 []


Underfull \hbox (badness 10000) in paragraph at lines 705--706

 []


Underfull \hbox (badness 10000) in paragraph at lines 705--706

 []

[23]
Underfull \hbox (badness 10000) in paragraph at lines 710--711

 []


Underfull \hbox (badness 10000) in paragraph at lines 710--711

 []


Underfull \hbox (badness 10000) in paragraph at lines 712--714

 []


Underfull \hbox (badness 10000) in paragraph at lines 712--714

 []


Underfull \hbox (badness 10000) in paragraph at lines 715--717

 []


Underfull \hbox (badness 10000) in paragraph at lines 715--717

 []


Underfull \hbox (badness 10000) in paragraph at lines 726--728

 []


Underfull \hbox (badness 10000) in paragraph at lines 726--728

 []


Underfull \hbox (badness 10000) in paragraph at lines 737--738

 []


Underfull \hbox (badness 10000) in paragraph at lines 737--738

 []

[24]
Underfull \hbox (badness 10000) in paragraph at lines 766--768

 []


Underfull \hbox (badness 10000) in paragraph at lines 766--768

 []


Underfull \hbox (badness 10000) in paragraph at lines 769--771

 []


Underfull \hbox (badness 10000) in paragraph at lines 769--771

 []

[25]
Underfull \hbox (badness 10000) in paragraph at lines 772--774

 []


Underfull \hbox (badness 10000) in paragraph at lines 772--774

 []


Underfull \hbox (badness 10000) in paragraph at lines 780--781

 []


Underfull \hbox (badness 10000) in paragraph at lines 780--781

 []


Underfull \hbox (badness 10000) in paragraph at lines 782--783

 []


Underfull \hbox (badness 10000) in paragraph at lines 782--783

 []


Underfull \hbox (badness 10000) in paragraph at lines 784--785

 []


Underfull \hbox (badness 10000) in paragraph at lines 784--785

 []

[26]
Underfull \hbox (badness 10000) in paragraph at lines 797--798

 []


Underfull \hbox (badness 10000) in paragraph at lines 797--798

 []


Underfull \hbox (badness 10000) in paragraph at lines 799--800

 []


Underfull \hbox (badness 10000) in paragraph at lines 799--800

 []


Underfull \hbox (badness 10000) in paragraph at lines 811--813

 []


Underfull \hbox (badness 10000) in paragraph at lines 811--813

 []


Underfull \hbox (badness 10000) in paragraph at lines 814--815

 []


Underfull \hbox (badness 10000) in paragraph at lines 814--815

 []

[27]
Underfull \hbox (badness 10000) in paragraph at lines 833--834

 []


Underfull \hbox (badness 10000) in paragraph at lines 833--834

 []


Underfull \hbox (badness 10000) in paragraph at lines 839--840

 []


Underfull \hbox (badness 10000) in paragraph at lines 839--840

 []


Underfull \hbox (badness 10000) in paragraph at lines 846--847

 []


Underfull \hbox (badness 10000) in paragraph at lines 846--847

 []


Underfull \hbox (badness 10000) in paragraph at lines 852--854

 []


Underfull \hbox (badness 10000) in paragraph at lines 852--854

 []


Underfull \hbox (badness 10000) in paragraph at lines 855--856

 []


Underfull \hbox (badness 10000) in paragraph at lines 855--856

 []

[28]
Underfull \hbox (badness 10000) in paragraph at lines 883--885

 []


Underfull \hbox (badness 10000) in paragraph at lines 883--885

 []


Underfull \hbox (badness 10000) in paragraph at lines 886--887

 []


Underfull \hbox (badness 10000) in paragraph at lines 886--887

 []

[29]
Underfull \hbox (badness 10000) in paragraph at lines 899--900

 []


Underfull \hbox (badness 10000) in paragraph at lines 899--900

 []


Underfull \hbox (badness 10000) in paragraph at lines 901--902

 []


Underfull \hbox (badness 10000) in paragraph at lines 901--902

 []

[30]
Underfull \hbox (badness 10000) in paragraph at lines 941--942

 []


Underfull \hbox (badness 10000) in paragraph at lines 941--942

 []


Underfull \hbox (badness 10000) in paragraph at lines 943--946

 []


Underfull \hbox (badness 10000) in paragraph at lines 943--946

 []

[31]
Underfull \hbox (badness 10000) in paragraph at lines 979--981

 []


Underfull \hbox (badness 10000) in paragraph at lines 979--981

 []

[32]
Underfull \hbox (badness 10000) in paragraph at lines 1002--1005

 []


Underfull \hbox (badness 10000) in paragraph at lines 1002--1005

 []


Overfull \hbox (6.12836pt too wide) in paragraph at lines 1006--1008
[]\OT1/cmr/m/n/12 Note that if there ex-ists at least one $\OML/cmm/m/it/12 u[] \OT1/cmr/m/n/12 = 0$, then the prod-uct $\OML/cmm/m/it/12 u[] [] u[] \OT1/cmr/m/n/12 =
 []


Underfull \hbox (badness 10000) in paragraph at lines 1014--1015

 []


Underfull \hbox (badness 10000) in paragraph at lines 1014--1015

 []

[33]
Underfull \hbox (badness 10000) in paragraph at lines 1034--1035

 []


Underfull \hbox (badness 10000) in paragraph at lines 1034--1035

 []


Underfull \hbox (badness 10000) in paragraph at lines 1036--1037

 []


Underfull \hbox (badness 10000) in paragraph at lines 1036--1037

 []


Underfull \hbox (badness 10000) in paragraph at lines 1038--1040

 []


Underfull \hbox (badness 10000) in paragraph at lines 1038--1040

 []


Underfull \hbox (badness 10000) in paragraph at lines 1073--1074

 []


Underfull \hbox (badness 10000) in paragraph at lines 1073--1074

 []


Underfull \hbox (badness 10000) in paragraph at lines 1075--1076

 []


Underfull \hbox (badness 10000) in paragraph at lines 1075--1076

 []

[34]
Underfull \hbox (badness 10000) in paragraph at lines 1077--1078

 []


Underfull \hbox (badness 10000) in paragraph at lines 1077--1078

 []


Underfull \hbox (badness 10000) in paragraph at lines 1079--1080

 []


Underfull \hbox (badness 10000) in paragraph at lines 1079--1080

 []


Underfull \hbox (badness 10000) in paragraph at lines 1081--1082

 []


Underfull \hbox (badness 10000) in paragraph at lines 1081--1082

 []


Underfull \hbox (badness 10000) in paragraph at lines 1083--1084

 []


Underfull \hbox (badness 10000) in paragraph at lines 1083--1084

 []


Underfull \hbox (badness 10000) in paragraph at lines 1085--1087

 []


Underfull \hbox (badness 10000) in paragraph at lines 1085--1087

 []

LaTeX Font Info:    Trying to load font information for OMS+cmr on input line 1088.
(C:\Users\Temporality\AppData\Local\Programs\MiKTeX\tex/latex/base\omscmr.fd
File: omscmr.fd 2022/07/10 v2.5l Standard LaTeX font definitions
)
LaTeX Font Info:    Font shape `OMS/cmr/m/n' in size <12> not available
(Font)              Font shape `OMS/cmsy/m/n' tried instead on input line 1088.

Underfull \hbox (badness 10000) in paragraph at lines 1088--1089

 []


Underfull \hbox (badness 10000) in paragraph at lines 1088--1089

 []


Underfull \hbox (badness 10000) in paragraph at lines 1090--1091

 []


Underfull \hbox (badness 10000) in paragraph at lines 1090--1091

 []


Underfull \hbox (badness 10000) in paragraph at lines 1092--1093

 []


Underfull \hbox (badness 10000) in paragraph at lines 1092--1093

 []


Underfull \hbox (badness 10000) in paragraph at lines 1094--1095

 []


Underfull \hbox (badness 10000) in paragraph at lines 1094--1095

 []

[35]
Underfull \hbox (badness 10000) in paragraph at lines 1096--1097

 []


Underfull \hbox (badness 10000) in paragraph at lines 1096--1097

 []


Underfull \hbox (badness 10000) in paragraph at lines 1098--1099

 []


Underfull \hbox (badness 10000) in paragraph at lines 1098--1099

 []


Underfull \hbox (badness 10000) in paragraph at lines 1100--1101

 []


Underfull \hbox (badness 10000) in paragraph at lines 1100--1101

 []


Underfull \hbox (badness 10000) in paragraph at lines 1102--1103

 []


Underfull \hbox (badness 10000) in paragraph at lines 1102--1103

 []


Underfull \hbox (badness 10000) in paragraph at lines 1104--1105

 []


Underfull \hbox (badness 10000) in paragraph at lines 1104--1105

 []


Underfull \hbox (badness 10000) in paragraph at lines 1106--1107

 []


Underfull \hbox (badness 10000) in paragraph at lines 1106--1107

 []


Underfull \hbox (badness 10000) in paragraph at lines 1108--1109

 []


Underfull \hbox (badness 10000) in paragraph at lines 1108--1109

 []


Underfull \hbox (badness 10000) in paragraph at lines 1110--1111

 []


Underfull \hbox (badness 10000) in paragraph at lines 1110--1111

 []

[36]
Underfull \hbox (badness 10000) in paragraph at lines 1116--1117

 []


Underfull \hbox (badness 10000) in paragraph at lines 1118--1120

 []


Underfull \hbox (badness 10000) in paragraph at lines 1118--1120

 []


Overfull \hbox (16.24501pt too wide) in paragraph at lines 1121--1122
\OT1/cmr/m/n/12 then in the case that any $[]$ is not unique, it may be re-moved from $[]\OMS/cmsy/m/n/12 f[]g$
 []


Underfull \hbox (badness 10000) in paragraph at lines 1121--1122

 []


Underfull \hbox (badness 10000) in paragraph at lines 1121--1122

 []


Underfull \hbox (badness 10000) in paragraph at lines 1123--1124

 []


Underfull \hbox (badness 10000) in paragraph at lines 1123--1124

 []


Underfull \hbox (badness 10000) in paragraph at lines 1125--1127

 []


Underfull \hbox (badness 10000) in paragraph at lines 1125--1127

 []


Underfull \hbox (badness 10000) in paragraph at lines 1132--1133

 []


Underfull \hbox (badness 10000) in paragraph at lines 1132--1133

 []

[37]
Underfull \hbox (badness 10000) in paragraph at lines 1146--1148

 []


Underfull \hbox (badness 10000) in paragraph at lines 1146--1148

 []


Underfull \hbox (badness 10000) in paragraph at lines 1149--1150

 []


Underfull \hbox (badness 10000) in paragraph at lines 1149--1150

 []


Underfull \hbox (badness 10000) in paragraph at lines 1155--1156

 []


Underfull \hbox (badness 10000) in paragraph at lines 1155--1156

 []

[38]
Underfull \hbox (badness 10000) in paragraph at lines 1157--1159

 []


Underfull \hbox (badness 10000) in paragraph at lines 1157--1159

 []


Underfull \hbox (badness 10000) in paragraph at lines 1175--1176

 []


Underfull \hbox (badness 10000) in paragraph at lines 1175--1176

 []


Underfull \hbox (badness 10000) in paragraph at lines 1177--1178

 []


Underfull \hbox (badness 10000) in paragraph at lines 1177--1178

 []

[39] [40]
Underfull \hbox (badness 10000) in paragraph at lines 1298--1300

 []


Underfull \hbox (badness 10000) in paragraph at lines 1298--1300

 []

[41]
Underfull \hbox (badness 10000) in paragraph at lines 1311--1312

 []


Underfull \hbox (badness 10000) in paragraph at lines 1311--1312

 []


Underfull \hbox (badness 10000) in paragraph at lines 1313--1314

 []


Underfull \hbox (badness 10000) in paragraph at lines 1313--1314

 []


Underfull \hbox (badness 10000) in paragraph at lines 1328--1329

 []


Underfull \hbox (badness 10000) in paragraph at lines 1328--1329

 []

[42]
Underfull \hbox (badness 10000) in paragraph at lines 1339--1340

 []


Underfull \hbox (badness 10000) in paragraph at lines 1339--1340

 []


Underfull \hbox (badness 10000) in paragraph at lines 1354--1355

 []


Underfull \hbox (badness 10000) in paragraph at lines 1354--1355

 []

[43]
Underfull \hbox (badness 10000) in paragraph at lines 1356--1357

 []


Underfull \hbox (badness 10000) in paragraph at lines 1356--1357

 []


Underfull \hbox (badness 10000) in paragraph at lines 1368--1370

 []


Underfull \hbox (badness 10000) in paragraph at lines 1368--1370

 []


Underfull \hbox (badness 10000) in paragraph at lines 1371--1374

 []


Underfull \hbox (badness 10000) in paragraph at lines 1371--1374

 []


Underfull \hbox (badness 10000) in paragraph at lines 1377--1378

 []


Underfull \hbox (badness 10000) in paragraph at lines 1377--1378

 []


Underfull \hbox (badness 10000) in paragraph at lines 1379--1381

 []


Underfull \hbox (badness 10000) in paragraph at lines 1379--1381

 []


Underfull \hbox (badness 10000) in paragraph at lines 1382--1383

 []


Underfull \hbox (badness 10000) in paragraph at lines 1382--1383

 []

[44]
Underfull \hbox (badness 10000) in paragraph at lines 1384--1385

 []


Underfull \hbox (badness 10000) in paragraph at lines 1384--1385

 []


Underfull \hbox (badness 10000) in paragraph at lines 1400--1401

 []


Underfull \hbox (badness 10000) in paragraph at lines 1400--1401

 []


Underfull \hbox (badness 10000) in paragraph at lines 1406--1407

 []


Underfull \hbox (badness 10000) in paragraph at lines 1406--1407

 []


Underfull \hbox (badness 10000) in paragraph at lines 1429--1431

 []


Underfull \hbox (badness 10000) in paragraph at lines 1429--1431

 []

[45]
Underfull \hbox (badness 10000) in paragraph at lines 1456--1458

 []


Underfull \hbox (badness 10000) in paragraph at lines 1456--1458

 []

[46]
Underfull \hbox (badness 10000) in paragraph at lines 1464--1465

 []


Underfull \hbox (badness 10000) in paragraph at lines 1464--1465

 []


Underfull \hbox (badness 10000) in paragraph at lines 1466--1468

 []


Underfull \hbox (badness 10000) in paragraph at lines 1466--1468

 []


Underfull \hbox (badness 10000) in paragraph at lines 1477--1478

 []


Underfull \hbox (badness 10000) in paragraph at lines 1477--1478

 []


Underfull \hbox (badness 10000) in paragraph at lines 1479--1480

 []


Underfull \hbox (badness 10000) in paragraph at lines 1479--1480

 []


Underfull \hbox (badness 10000) in paragraph at lines 1481--1482

 []


Underfull \hbox (badness 10000) in paragraph at lines 1481--1482

 []


Underfull \hbox (badness 10000) in paragraph at lines 1483--1484

 []


Underfull \hbox (badness 10000) in paragraph at lines 1483--1484

 []

[47]
Underfull \hbox (badness 10000) in paragraph at lines 1490--1492

 []


Underfull \hbox (badness 10000) in paragraph at lines 1490--1492

 []


Underfull \hbox (badness 10000) in paragraph at lines 1493--1495

 []


Underfull \hbox (badness 10000) in paragraph at lines 1493--1495

 []


Underfull \hbox (badness 10000) in paragraph at lines 1496--1498

 []


Underfull \hbox (badness 10000) in paragraph at lines 1496--1498

 []


Underfull \hbox (badness 10000) in paragraph at lines 1499--1502

 []


Underfull \hbox (badness 10000) in paragraph at lines 1503--1505

 []


Underfull \hbox (badness 10000) in paragraph at lines 1503--1505

 []

[48]
Overfull \hbox (13.11717pt too wide) in paragraph at lines 1517--1518
[]\OT1/cmr/m/n/12 We are then left with a vec-tor equa-tion that can be sim-pli-fied to $[]\OMS/cmsy/m/n/12 f[]g$\OT1/cmr/m/n/12 . 
 []


Underfull \hbox (badness 10000) in paragraph at lines 1517--1518

 []


Underfull \hbox (badness 10000) in paragraph at lines 1517--1518

 []


Underfull \hbox (badness 10000) in paragraph at lines 1531--1532

 []


Underfull \hbox (badness 10000) in paragraph at lines 1531--1532

 []


Underfull \hbox (badness 10000) in paragraph at lines 1533--1534

 []


Underfull \hbox (badness 10000) in paragraph at lines 1533--1534

 []


Underfull \hbox (badness 10000) in paragraph at lines 1535--1536

 []


Underfull \hbox (badness 10000) in paragraph at lines 1535--1536

 []

[49]
Underfull \hbox (badness 10000) in paragraph at lines 1537--1538

 []


Underfull \hbox (badness 10000) in paragraph at lines 1537--1538

 []


Underfull \hbox (badness 10000) in paragraph at lines 1539--1541

 []


Underfull \hbox (badness 10000) in paragraph at lines 1539--1541

 []


Underfull \hbox (badness 10000) in paragraph at lines 1549--1550

 []


Underfull \hbox (badness 10000) in paragraph at lines 1549--1550

 []


Underfull \hbox (badness 10000) in paragraph at lines 1551--1552

 []


Underfull \hbox (badness 10000) in paragraph at lines 1551--1552

 []


Underfull \hbox (badness 10000) in paragraph at lines 1558--1559

 []


Underfull \hbox (badness 10000) in paragraph at lines 1558--1559

 []


Underfull \hbox (badness 10000) in paragraph at lines 1560--1561

 []


Underfull \hbox (badness 10000) in paragraph at lines 1560--1561

 []

[50]
Underfull \hbox (badness 10000) in paragraph at lines 1578--1580

 []


Underfull \hbox (badness 10000) in paragraph at lines 1578--1580

 []

[51]
Underfull \hbox (badness 10000) in paragraph at lines 1600--1601

 []


Underfull \hbox (badness 10000) in paragraph at lines 1600--1601

 []


Underfull \hbox (badness 10000) in paragraph at lines 1609--1610

 []


Underfull \hbox (badness 10000) in paragraph at lines 1609--1610

 []


Underfull \hbox (badness 10000) in paragraph at lines 1611--1612

 []


Underfull \hbox (badness 10000) in paragraph at lines 1611--1612

 []


Underfull \hbox (badness 10000) in paragraph at lines 1613--1614

 []


Underfull \hbox (badness 10000) in paragraph at lines 1613--1614

 []


Underfull \hbox (badness 10000) in paragraph at lines 1615--1616

 []


Underfull \hbox (badness 10000) in paragraph at lines 1615--1616

 []

[52]
Underfull \hbox (badness 10000) in paragraph at lines 1619--1620

 []


Underfull \hbox (badness 10000) in paragraph at lines 1619--1620

 []


Underfull \hbox (badness 10000) in paragraph at lines 1626--1627

 []


Underfull \hbox (badness 10000) in paragraph at lines 1626--1627

 []


Underfull \hbox (badness 10000) in paragraph at lines 1628--1629

 []


Underfull \hbox (badness 10000) in paragraph at lines 1628--1629

 []


Underfull \hbox (badness 10000) in paragraph at lines 1634--1636

 []


Underfull \hbox (badness 10000) in paragraph at lines 1634--1636

 []


Underfull \hbox (badness 10000) in paragraph at lines 1639--1640

 []


Underfull \hbox (badness 10000) in paragraph at lines 1639--1640

 []

[53]
Underfull \hbox (badness 10000) in paragraph at lines 1641--1643

 []


Underfull \hbox (badness 10000) in paragraph at lines 1641--1643

 []


Underfull \hbox (badness 10000) in paragraph at lines 1650--1652

 []


Underfull \hbox (badness 10000) in paragraph at lines 1650--1652

 []


Underfull \hbox (badness 10000) in paragraph at lines 1653--1654

 []


Underfull \hbox (badness 10000) in paragraph at lines 1653--1654

 []


Underfull \hbox (badness 10000) in paragraph at lines 1655--1656

 []


Underfull \hbox (badness 10000) in paragraph at lines 1655--1656

 []


Underfull \hbox (badness 10000) in paragraph at lines 1657--1658

 []


Underfull \hbox (badness 10000) in paragraph at lines 1657--1658

 []


Underfull \hbox (badness 10000) in paragraph at lines 1663--1664

 []


Underfull \hbox (badness 10000) in paragraph at lines 1663--1664

 []

[54]
Underfull \hbox (badness 10000) in paragraph at lines 1667--1668

 []


Underfull \hbox (badness 10000) in paragraph at lines 1667--1668

 []


Underfull \hbox (badness 10000) in paragraph at lines 1669--1670

 []


Underfull \hbox (badness 10000) in paragraph at lines 1669--1670

 []


Underfull \hbox (badness 10000) in paragraph at lines 1673--1674

 []


Underfull \hbox (badness 10000) in paragraph at lines 1673--1674

 []


Underfull \hbox (badness 10000) in paragraph at lines 1675--1676

 []


Underfull \hbox (badness 10000) in paragraph at lines 1675--1676

 []


Underfull \hbox (badness 10000) in paragraph at lines 1682--1683

 []


Underfull \hbox (badness 10000) in paragraph at lines 1682--1683

 []

[55]
Underfull \hbox (badness 10000) in paragraph at lines 1704--1706

 []


Underfull \hbox (badness 10000) in paragraph at lines 1704--1706

 []


Underfull \hbox (badness 10000) in paragraph at lines 1730--1732

 []


Underfull \hbox (badness 10000) in paragraph at lines 1730--1732

 []

[56]
Overfull \hbox (12.51396pt too wide) in paragraph at lines 1739--1741
[]\OT1/cmr/m/n/12 If there ex-ists both $\OMS/cmsy/m/n/12 B \OT1/cmr/m/n/12 = \OMS/cmsy/m/n/12 f[]g$ \OT1/cmr/m/n/12 and the \OT1/cmr/m/it/12 stan-dard base $\OMS/cmsy/m/n/12 E \OT1/cmr/m/n/12 = \OMS/cmsy/m/n/12 f[]g$
 []


Underfull \hbox (badness 10000) in paragraph at lines 1739--1741

 []


Underfull \hbox (badness 10000) in paragraph at lines 1739--1741

 []


Underfull \hbox (badness 10000) in paragraph at lines 1756--1757

 []


Underfull \hbox (badness 10000) in paragraph at lines 1756--1757

 []


Underfull \hbox (badness 10000) in paragraph at lines 1758--1760

 []


Underfull \hbox (badness 10000) in paragraph at lines 1758--1760

 []


Underfull \hbox (badness 10000) in paragraph at lines 1761--1763

 []


Underfull \hbox (badness 10000) in paragraph at lines 1761--1763

 []

[57]
Underfull \hbox (badness 10000) in paragraph at lines 1784--1786

 []


Underfull \hbox (badness 10000) in paragraph at lines 1784--1786

 []


Underfull \hbox (badness 10000) in paragraph at lines 1787--1790

 []


Underfull \hbox (badness 10000) in paragraph at lines 1787--1790

 []


Underfull \hbox (badness 10000) in paragraph at lines 1791--1793

 []


Underfull \hbox (badness 10000) in paragraph at lines 1791--1793

 []


Underfull \hbox (badness 10000) in paragraph at lines 1794--1796

 []


Underfull \hbox (badness 10000) in paragraph at lines 1794--1796

 []


Overfull \hbox (8.22739pt too wide) in paragraph at lines 1797--1800
[]\OT1/cmr/m/n/12 If $[]$ are eigen-vec-tors that cor-re-spond to dis-tinct eigen-val-ues $\OML/cmm/m/it/12 ^^U[] [] ^^U[]$\OT1/cmr/m/n/12 ,
 []


Underfull \hbox (badness 10000) in paragraph at lines 1797--1800

 []


Underfull \hbox (badness 10000) in paragraph at lines 1797--1800

 []


Underfull \hbox (badness 10000) in paragraph at lines 1801--1804

 []


Underfull \hbox (badness 10000) in paragraph at lines 1801--1804

 []

[58]
Underfull \hbox (badness 10000) in paragraph at lines 1824--1828

 []


Underfull \hbox (badness 10000) in paragraph at lines 1824--1828

 []

[59]
Underfull \hbox (badness 10000) in paragraph at lines 1859--1860

 []


Underfull \hbox (badness 10000) in paragraph at lines 1859--1860

 []


Underfull \hbox (badness 10000) in paragraph at lines 1861--1862

 []


Underfull \hbox (badness 10000) in paragraph at lines 1861--1862

 []


Underfull \hbox (badness 10000) in paragraph at lines 1869--1871

 []


Underfull \hbox (badness 10000) in paragraph at lines 1869--1871

 []

[60]
Underfull \hbox (badness 10000) in paragraph at lines 1880--1882

 []


Underfull \hbox (badness 10000) in paragraph at lines 1880--1882

 []


Underfull \hbox (badness 10000) in paragraph at lines 1889--1892

 []


Underfull \hbox (badness 10000) in paragraph at lines 1889--1892

 []

[61]
Underfull \hbox (badness 10000) in paragraph at lines 1906--1907

 []


Underfull \hbox (badness 10000) in paragraph at lines 1906--1907

 []


Underfull \hbox (badness 10000) in paragraph at lines 1925--1928

 []


Underfull \hbox (badness 10000) in paragraph at lines 1925--1928

 []


Underfull \hbox (badness 10000) in paragraph at lines 1929--1931

 []


Underfull \hbox (badness 10000) in paragraph at lines 1929--1931

 []

[62]
Underfull \hbox (badness 10000) in paragraph at lines 1940--1941

 []


Underfull \hbox (badness 10000) in paragraph at lines 1940--1941

 []


Underfull \hbox (badness 10000) in paragraph at lines 1957--1959

 []


Underfull \hbox (badness 10000) in paragraph at lines 1957--1959

 []


Underfull \hbox (badness 10000) in paragraph at lines 1960--1963

 []


Underfull \hbox (badness 10000) in paragraph at lines 1960--1963

 []

[63]
Underfull \hbox (badness 10000) in paragraph at lines 1969--1972

 []


Underfull \hbox (badness 10000) in paragraph at lines 1969--1972

 []


Underfull \hbox (badness 10000) in paragraph at lines 1973--1975

 []


Underfull \hbox (badness 10000) in paragraph at lines 1973--1975

 []


Underfull \hbox (badness 10000) in paragraph at lines 1995--1999

 []


Underfull \hbox (badness 10000) in paragraph at lines 1995--1999

 []

[64]
Underfull \hbox (badness 10000) in paragraph at lines 2002--2004

 []


Underfull \hbox (badness 10000) in paragraph at lines 2002--2004

 []


Underfull \hbox (badness 10000) in paragraph at lines 2008--2009

 []


Underfull \hbox (badness 10000) in paragraph at lines 2008--2009

 []


Underfull \hbox (badness 10000) in paragraph at lines 2017--2021

 []


Underfull \hbox (badness 10000) in paragraph at lines 2017--2021

 []


Underfull \hbox (badness 10000) in paragraph at lines 2027--2029

 []


Underfull \hbox (badness 10000) in paragraph at lines 2027--2029

 []

[65]
Underfull \hbox (badness 10000) in paragraph at lines 2030--2031

 []


Underfull \hbox (badness 10000) in paragraph at lines 2030--2031

 []


Underfull \hbox (badness 10000) in paragraph at lines 2032--2034

 []


Underfull \hbox (badness 10000) in paragraph at lines 2032--2034

 []


Underfull \hbox (badness 10000) in paragraph at lines 2049--2050

 []


Underfull \hbox (badness 10000) in paragraph at lines 2049--2050

 []

[66]
Underfull \hbox (badness 10000) in paragraph at lines 2068--2071

 []


Underfull \hbox (badness 10000) in paragraph at lines 2068--2071

 []


Underfull \hbox (badness 10000) in paragraph at lines 2076--2077

 []


Underfull \hbox (badness 10000) in paragraph at lines 2076--2077

 []

[67]
Underfull \hbox (badness 10000) in paragraph at lines 2092--2093

 []


Underfull \hbox (badness 10000) in paragraph at lines 2092--2093

 []


Underfull \hbox (badness 10000) in paragraph at lines 2105--2108

 []


Underfull \hbox (badness 10000) in paragraph at lines 2105--2108

 []


Underfull \hbox (badness 10000) in paragraph at lines 2109--2111

 []


Underfull \hbox (badness 10000) in paragraph at lines 2109--2111

 []


Underfull \hbox (badness 10000) in paragraph at lines 2114--2115

 []


Underfull \hbox (badness 10000) in paragraph at lines 2114--2115

 []


Underfull \hbox (badness 10000) in paragraph at lines 2116--2119

 []


Underfull \hbox (badness 10000) in paragraph at lines 2116--2119

 []

[68]
Underfull \hbox (badness 10000) in paragraph at lines 2120--2123

 []


Underfull \hbox (badness 10000) in paragraph at lines 2120--2123

 []


Underfull \hbox (badness 10000) in paragraph at lines 2130--2132

 []


Underfull \hbox (badness 10000) in paragraph at lines 2130--2132

 []


Underfull \hbox (badness 10000) in paragraph at lines 2133--2135

 []


Underfull \hbox (badness 10000) in paragraph at lines 2133--2135

 []


Underfull \hbox (badness 10000) in paragraph at lines 2137--2139

 []


Underfull \hbox (badness 10000) in paragraph at lines 2137--2139

 []


Underfull \hbox (badness 10000) in paragraph at lines 2140--2142

 []


Underfull \hbox (badness 10000) in paragraph at lines 2140--2142

 []


Underfull \hbox (badness 10000) in paragraph at lines 2143--2147

 []


Underfull \hbox (badness 10000) in paragraph at lines 2143--2147

 []


Underfull \hbox (badness 10000) in paragraph at lines 2148--2149

 []


Underfull \hbox (badness 10000) in paragraph at lines 2148--2149

 []

[69]
Underfull \hbox (badness 10000) in paragraph at lines 2150--2151

 []


Underfull \hbox (badness 10000) in paragraph at lines 2150--2151

 []


Underfull \hbox (badness 10000) in paragraph at lines 2161--2163

 []


Underfull \hbox (badness 10000) in paragraph at lines 2161--2163

 []


Underfull \hbox (badness 10000) in paragraph at lines 2168--2170

 []


Underfull \hbox (badness 10000) in paragraph at lines 2168--2170

 []


Underfull \hbox (badness 10000) in paragraph at lines 2171--2173

 []


Underfull \hbox (badness 10000) in paragraph at lines 2171--2173

 []

[70]
Underfull \hbox (badness 10000) in paragraph at lines 2183--2184

 []


Underfull \hbox (badness 10000) in paragraph at lines 2183--2184

 []


Underfull \hbox (badness 10000) in paragraph at lines 2185--2187

 []


Underfull \hbox (badness 10000) in paragraph at lines 2185--2187

 []


Underfull \hbox (badness 10000) in paragraph at lines 2188--2189

 []


Underfull \hbox (badness 10000) in paragraph at lines 2188--2189

 []


Underfull \hbox (badness 10000) in paragraph at lines 2209--2211

 []


Underfull \hbox (badness 10000) in paragraph at lines 2209--2211

 []

[71]
Underfull \hbox (badness 10000) in paragraph at lines 2216--2219

 []


Underfull \hbox (badness 10000) in paragraph at lines 2216--2219

 []


Underfull \hbox (badness 10000) in paragraph at lines 2220--2224

 []


Underfull \hbox (badness 10000) in paragraph at lines 2220--2224

 []


Underfull \hbox (badness 10000) in paragraph at lines 2225--2227

 []


Underfull \hbox (badness 10000) in paragraph at lines 2225--2227

 []


Underfull \hbox (badness 10000) in paragraph at lines 2228--2229

 []


Underfull \hbox (badness 10000) in paragraph at lines 2228--2229

 []


Underfull \hbox (badness 10000) in paragraph at lines 2230--2231

 []


Underfull \hbox (badness 10000) in paragraph at lines 2230--2231

 []


Underfull \hbox (badness 10000) in paragraph at lines 2232--2233

 []


Underfull \hbox (badness 10000) in paragraph at lines 2232--2233

 []


Underfull \hbox (badness 10000) in paragraph at lines 2242--2244

 []


Underfull \hbox (badness 10000) in paragraph at lines 2242--2244

 []

[72]
Underfull \hbox (badness 10000) in paragraph at lines 2245--2246

 []


Underfull \hbox (badness 10000) in paragraph at lines 2245--2246

 []


Underfull \hbox (badness 10000) in paragraph at lines 2251--2255

 []


Underfull \hbox (badness 10000) in paragraph at lines 2251--2255

 []


Underfull \hbox (badness 10000) in paragraph at lines 2256--2259

 []


Underfull \hbox (badness 10000) in paragraph at lines 2256--2259

 []


Underfull \hbox (badness 10000) in paragraph at lines 2265--2266

 []


Underfull \hbox (badness 10000) in paragraph at lines 2265--2266

 []


Underfull \hbox (badness 10000) in paragraph at lines 2267--2269

 []


Underfull \hbox (badness 10000) in paragraph at lines 2267--2269

 []

[73]
Underfull \hbox (badness 10000) in paragraph at lines 2270--2271

 []


Underfull \hbox (badness 10000) in paragraph at lines 2270--2271

 []


Underfull \hbox (badness 10000) in paragraph at lines 2278--2279

 []


Underfull \hbox (badness 10000) in paragraph at lines 2278--2279

 []


Underfull \hbox (badness 10000) in paragraph at lines 2280--2281

 []


Underfull \hbox (badness 10000) in paragraph at lines 2280--2281

 []


Underfull \hbox (badness 10000) in paragraph at lines 2291--2292

 []


Underfull \hbox (badness 10000) in paragraph at lines 2291--2292

 []


Underfull \hbox (badness 10000) in paragraph at lines 2301--2303

 []


Underfull \hbox (badness 10000) in paragraph at lines 2301--2303

 []

[74]
Underfull \hbox (badness 10000) in paragraph at lines 2314--2316

 []


Underfull \hbox (badness 10000) in paragraph at lines 2314--2316

 []


Underfull \hbox (badness 10000) in paragraph at lines 2317--2318

 []


Underfull \hbox (badness 10000) in paragraph at lines 2317--2318

 []


Underfull \hbox (badness 10000) in paragraph at lines 2319--2322

 []


Underfull \hbox (badness 10000) in paragraph at lines 2319--2322

 []

[75]
Underfull \hbox (badness 10000) in paragraph at lines 2346--2348

 []


Underfull \hbox (badness 10000) in paragraph at lines 2346--2348

 []


Underfull \hbox (badness 10000) in paragraph at lines 2349--2352

 []


Underfull \hbox (badness 10000) in paragraph at lines 2349--2352

 []


Underfull \hbox (badness 10000) in paragraph at lines 2353--2355

 []


Underfull \hbox (badness 10000) in paragraph at lines 2353--2355

 []

[76]
Underfull \hbox (badness 10000) in paragraph at lines 2361--2363

 []


Underfull \hbox (badness 10000) in paragraph at lines 2361--2363

 []


Underfull \hbox (badness 10000) in paragraph at lines 2387--2388

 []


Underfull \hbox (badness 10000) in paragraph at lines 2387--2388

 []


Underfull \hbox (badness 10000) in paragraph at lines 2389--2390

 []


Underfull \hbox (badness 10000) in paragraph at lines 2389--2390

 []


Underfull \hbox (badness 10000) in paragraph at lines 2391--2393

 []


Underfull \hbox (badness 10000) in paragraph at lines 2391--2393

 []


Underfull \hbox (badness 10000) in paragraph at lines 2396--2398

 []


Underfull \hbox (badness 10000) in paragraph at lines 2396--2398

 []

[77]
Overfull \hbox (7.85559pt too wide) in paragraph at lines 2399--2402
[]\OT1/cmr/m/n/12 If $\OML/cmm/m/it/12 A$ \OT1/cmr/m/n/12 is sym-met-ric, then any two of its eigen-vec-tors from dif-fer-ent eigenspaces
 []


Underfull \hbox (badness 10000) in paragraph at lines 2399--2402

 []


Underfull \hbox (badness 10000) in paragraph at lines 2399--2402

 []


Underfull \hbox (badness 10000) in paragraph at lines 2403--2406

 []


Underfull \hbox (badness 10000) in paragraph at lines 2403--2406

 []


Underfull \hbox (badness 10000) in paragraph at lines 2413--2417

 []


Underfull \hbox (badness 10000) in paragraph at lines 2413--2417

 []


Underfull \hbox (badness 10000) in paragraph at lines 2418--2420

 []


Underfull \hbox (badness 10000) in paragraph at lines 2418--2420

 []

[78]
Underfull \hbox (badness 10000) in paragraph at lines 2434--2437

 []


Underfull \hbox (badness 10000) in paragraph at lines 2434--2437

 []


Underfull \hbox (badness 10000) in paragraph at lines 2438--2439

 []


Underfull \hbox (badness 10000) in paragraph at lines 2438--2439

 []


Underfull \hbox (badness 10000) in paragraph at lines 2446--2450

 []


Underfull \hbox (badness 10000) in paragraph at lines 2446--2450

 []

[79]
Underfull \hbox (badness 10000) in paragraph at lines 2460--2461

 []


Underfull \hbox (badness 10000) in paragraph at lines 2460--2461

 []


Underfull \hbox (badness 10000) in paragraph at lines 2462--2464

 []


Underfull \hbox (badness 10000) in paragraph at lines 2462--2464

 []


Underfull \hbox (badness 10000) in paragraph at lines 2471--2473

 []


Underfull \hbox (badness 10000) in paragraph at lines 2471--2473

 []


Underfull \hbox (badness 10000) in paragraph at lines 2474--2475

 []


Underfull \hbox (badness 10000) in paragraph at lines 2474--2475

 []

[80]
Underfull \hbox (badness 10000) in paragraph at lines 2488--2492

 []


Underfull \hbox (badness 10000) in paragraph at lines 2488--2492

 []


Underfull \hbox (badness 10000) in paragraph at lines 2497--2500

 []


Underfull \hbox (badness 10000) in paragraph at lines 2497--2500

 []


Underfull \hbox (badness 10000) in paragraph at lines 2501--2504

 []


Underfull \hbox (badness 10000) in paragraph at lines 2501--2504

 []


Underfull \hbox (badness 10000) in paragraph at lines 2505--2508

 []


Underfull \hbox (badness 10000) in paragraph at lines 2505--2508

 []

[81]
Underfull \hbox (badness 10000) in paragraph at lines 2515--2517

 []


Underfull \hbox (badness 10000) in paragraph at lines 2515--2517

 []


Underfull \hbox (badness 10000) in paragraph at lines 2518--2520

 []


Underfull \hbox (badness 10000) in paragraph at lines 2518--2520

 []


Underfull \hbox (badness 10000) in paragraph at lines 2529--2532

 []


Underfull \hbox (badness 10000) in paragraph at lines 2529--2532

 []


Underfull \hbox (badness 10000) in paragraph at lines 2543--2547

 []


Underfull \hbox (badness 10000) in paragraph at lines 2543--2547

 []

[82]
Underfull \hbox (badness 10000) in paragraph at lines 2548--2551

 []


Underfull \hbox (badness 10000) in paragraph at lines 2548--2551

 []


Underfull \hbox (badness 10000) in paragraph at lines 2568--2570

 []


Underfull \hbox (badness 10000) in paragraph at lines 2568--2570

 []


Underfull \hbox (badness 10000) in paragraph at lines 2571--2573

 []


Underfull \hbox (badness 10000) in paragraph at lines 2571--2573

 []


Underfull \hbox (badness 10000) in paragraph at lines 2574--2576

 []


Underfull \hbox (badness 10000) in paragraph at lines 2574--2576

 []


Underfull \hbox (badness 10000) in paragraph at lines 2577--2581

 []


Underfull \hbox (badness 10000) in paragraph at lines 2577--2581

 []

[83]
Underfull \hbox (badness 10000) in paragraph at lines 2582--2583

 []


Underfull \hbox (badness 10000) in paragraph at lines 2582--2583

 []


Underfull \hbox (badness 10000) in paragraph at lines 2586--2588

 []


Underfull \hbox (badness 10000) in paragraph at lines 2586--2588

 []


Underfull \hbox (badness 10000) in paragraph at lines 2595--2596

 []


Underfull \hbox (badness 10000) in paragraph at lines 2595--2596

 []


Underfull \hbox (badness 10000) in paragraph at lines 2597--2600

 []


Overfull \hbox (9.76282pt too wide) in paragraph at lines 2601--2602
[]\OT1/cmr/m/n/12 The sin-gu-lar val-ues of $\OML/cmm/m/it/12 A$ \OT1/cmr/m/n/12 are ac-tu-ally the lengths of the vec-tors $\OML/cmm/m/it/12 A[]; [] ; A[]$
 []


Underfull \hbox (badness 10000) in paragraph at lines 2601--2602

 []


Underfull \hbox (badness 10000) in paragraph at lines 2601--2602

 []


Underfull \hbox (badness 10000) in paragraph at lines 2603--2604

 []


Underfull \hbox (badness 10000) in paragraph at lines 2603--2604

 []

[84]
Underfull \hbox (badness 10000) in paragraph at lines 2605--2608

 []


Underfull \hbox (badness 10000) in paragraph at lines 2605--2608

 []


Underfull \hbox (badness 10000) in paragraph at lines 2609--2610

 []


Underfull \hbox (badness 10000) in paragraph at lines 2609--2610

 []


Underfull \hbox (badness 10000) in paragraph at lines 2625--2627

 []


Underfull \hbox (badness 10000) in paragraph at lines 2625--2627

 []

[85]
Underfull \hbox (badness 10000) in paragraph at lines 2635--2636

 []


Underfull \hbox (badness 10000) in paragraph at lines 2635--2636

 []


Underfull \hbox (badness 10000) in paragraph at lines 2637--2638

 []


Underfull \hbox (badness 10000) in paragraph at lines 2637--2638

 []

[86] [87] [88] [89] (LANotes.aux) ) 
Here is how much of TeX's memory you used:
 3732 strings out of 476331
 59233 string characters out of 5784933
 1867660 words of memory out of 5000000
 24157 multiletter control sequences out of 15000+600000
 523668 words of font info for 75 fonts, out of 8000000 for 9000
 1141 hyphenation exceptions out of 8191
 56i,16n,62p,424b,212s stack positions out of 10000i,1000n,20000p,200000b,200000s
 <C:\Users\Temporality\AppData\Local\MiKTeX\fonts/pk/ljfour/jknappen/ec/dpi600\tcrm1200.pk><C:/Users/Temporality/AppData/Local/Programs/MiKTeX/fonts/type1/public/amsfonts/cm/cmbx12.pfb><C:/Users/Temporality/AppData/Local/Programs/MiKTeX/fonts/type1/public/amsfonts/cm/cmbx6.pfb><C:/Users/Temporality/AppData/Local/Programs/MiKTeX/fonts/type1/public/amsfonts/cm/cmbx8.pfb><C:/Users/Temporality/AppData/Local/Programs/MiKTeX/fonts/type1/public/amsfonts/cm/cmbxti10.pfb><C:/Users/Temporality/AppData/Local/Programs/MiKTeX/fonts/type1/public/amsfonts/cm/cmex10.pfb><C:/Users/Temporality/AppData/Local/Programs/MiKTeX/fonts/type1/public/amsfonts/cm/cmmi12.pfb><C:/Users/Temporality/AppData/Local/Programs/MiKTeX/fonts/type1/public/amsfonts/cm/cmmi6.pfb><C:/Users/Temporality/AppData/Local/Programs/MiKTeX/fonts/type1/public/amsfonts/cm/cmmi8.pfb><C:/Users/Temporality/AppData/Local/Programs/MiKTeX/fonts/type1/public/amsfonts/cm/cmr12.pfb><C:/Users/Temporality/AppData/Local/Programs/MiKTeX/fonts/type1/public/amsfonts/cm/cmr17.pfb><C:/Users/Temporality/AppData/Local/Programs/MiKTeX/fonts/type1/public/amsfonts/cm/cmr6.pfb><C:/Users/Temporality/AppData/Local/Programs/MiKTeX/fonts/type1/public/amsfonts/cm/cmr8.pfb><C:/Users/Temporality/AppData/Local/Programs/MiKTeX/fonts/type1/public/amsfonts/cm/cmsy10.pfb><C:/Users/Temporality/AppData/Local/Programs/MiKTeX/fonts/type1/public/amsfonts/cm/cmsy6.pfb><C:/Users/Temporality/AppData/Local/Programs/MiKTeX/fonts/type1/public/amsfonts/cm/cmsy8.pfb><C:/Users/Temporality/AppData/Local/Programs/MiKTeX/fonts/type1/public/amsfonts/cm/cmti12.pfb><C:/Users/Temporality/AppData/Local/Programs/MiKTeX/fonts/type1/public/amsfonts/symbols/msam10.pfb><C:/Users/Temporality/AppData/Local/Programs/MiKTeX/fonts/type1/public/amsfonts/symbols/msbm10.pfb>
Output written on LANotes.pdf (89 pages, 445996 bytes).
PDF statistics:
 383 PDF objects out of 1000 (max. 8388607)
 0 named destinations out of 1000 (max. 500000)
 1 words of extra memory for PDF output out of 10000 (max. 10000000)

